<?xml version="1.0" encoding="UTF-8"?>
<!-- Generated by org.testng.reporters.JUnitReportReporter -->
<testsuite skipped="0" hostname="PC1" name="com.api.tests.TokenTest" tests="3" failures="0" timestamp="04 May 2020 04:37:40 GMT" time="7.863" errors="0">
  <testcase name="testEggCollect" time="1.091" classname="com.api.tests.TokenTest"/>
  <testcase name="testEggCountToday" time="6.018" classname="com.api.tests.TokenTest"/>
  <testcase name="testResWithToken" time="0.754" classname="com.api.tests.TokenTest"/>
</testsuite> <!-- com.api.tests.TokenTest -->
