<?xml version="1.0" encoding="UTF-8"?>
<!-- Generated by org.testng.reporters.JUnitReportReporter -->
<testsuite skipped="1" hostname="PC1" name="com.api.tests.UpdateUserTest" tests="1" failures="0" timestamp="22 May 2020 05:29:23 GMT" time="0.000" errors="0">
  <testcase name="UpdateUserApiPutTest" time="0.000" classname="com.api.tests.UpdateUserTest">
    <skipped/>
  </testcase> <!-- UpdateUserApiPutTest -->
</testsuite> <!-- com.api.tests.UpdateUserTest -->
